<?xml version="1.0" encoding="UTF-8"?>
<testsuite name="com.giozom.serenity.AcceptanceTestSuite" time="23.066" tests="11" errors="0" skipped="0" failures="0">
  <properties>
[...]
</properties>
  <testcase name="BeforeStories" classname="java.lang.Object" time="0.013"/>
  <testcase name="Given the user is on the Wikionary home page" classname="com.giozom.serenity.steps.DefinitionSteps" time="6.623"/>
  <testcase name="When the user looks up the definition of the word &apos;apple&apos;" classname="com.giozom.serenity.steps.DefinitionSteps" time="4.308"/>
  <testcase name="Then they should see the definition &apos;A common, round fruit produced by the tree Malus domestica, cultivated in temperate climates.&apos;" classname="com.giozom.serenity.steps.DefinitionSteps" time="1.506"/>
  <testcase name="Scenario: Looking up the definition of &apos;apple&apos;" classname="Scenario: Looking up the definition of &apos;apple&apos;" time="1.53"/>
  <testcase name="Given the user is on the Wikionary home page​" classname="com.giozom.serenity.steps.DefinitionSteps" time="1.754"/>
  <testcase name="When the user looks up the definition of the word &apos;pear&apos;" classname="com.giozom.serenity.steps.DefinitionSteps" time="3.411"/>
  <testcase name="Then they should see the definition &apos;An edible fruit produced by the pear tree, similar to an apple but elongated towards the stem.&apos;" classname="com.giozom.serenity.steps.DefinitionSteps" time="0.882"/>
  <testcase name="Scenario: Looking up the definition of &apos;pear&apos;" classname="Scenario: Looking up the definition of &apos;pear&apos;" time="0.884"/>
  <testcase name="LookupADefinition.story" classname="LookupADefinition.story" time="0.977"/>
  <testcase name="AfterStories" classname="java.lang.Object" time="1.178"/>
</testsuite>